This is pdfTeX, Version 3.14159265-2.6-1.40.21 (TeX Live 2020/Arch Linux) (preloaded format=pdflatex 2020.11.5)  27 NOV 2020 22:04
entering extended mode
 restricted \write18 enabled.
 file:line:error style messages enabled.
 %&-line parsing enabled.
**/home/nils/code/tex/wikinger-workbook/main
(/home/nils/code/tex/wikinger-workbook/main.tex
LaTeX2e <2020-02-02> patch level 5
L3 programming layer <2020-06-03> (/usr/share/texmf-dist/tex/latex/base/book.cls
Document Class: book 2019/12/20 v1.4l Standard LaTeX document class
(/usr/share/texmf-dist/tex/latex/base/bk12.clo
File: bk12.clo 2019/12/20 v1.4l Standard LaTeX file (size option)
)
\c@part=\count167
\c@chapter=\count168
\c@section=\count169
\c@subsection=\count170
\c@subsubsection=\count171
\c@paragraph=\count172
\c@subparagraph=\count173
\c@figure=\count174
\c@table=\count175
\abovecaptionskip=\skip47
\belowcaptionskip=\skip48
\bibindent=\dimen134
) (/usr/share/texmf-dist/tex/latex/graphics/graphicx.sty
Package: graphicx 2019/11/30 v1.2a Enhanced LaTeX Graphics (DPC,SPQR)
 (/usr/share/texmf-dist/tex/latex/graphics/keyval.sty
Package: keyval 2014/10/28 v1.15 key=value parser (DPC)
\KV@toks@=\toks15
) (/usr/share/texmf-dist/tex/latex/graphics/graphics.sty
Package: graphics 2019/11/30 v1.4a Standard LaTeX Graphics (DPC,SPQR)
 (/usr/share/texmf-dist/tex/latex/graphics/trig.sty
Package: trig 2016/01/03 v1.10 sin cos tan (DPC)
) (/usr/share/texmf-dist/tex/latex/graphics-cfg/graphics.cfg
File: graphics.cfg 2016/06/04 v1.11 sample graphics configuration
)
Package graphics Info: Driver file: pdftex.def on input line 105.
 (/usr/share/texmf-dist/tex/latex/graphics-def/pdftex.def
File: pdftex.def 2018/01/08 v1.0l Graphics/color driver for pdftex
))
\Gin@req@height=\dimen135
\Gin@req@width=\dimen136
) (/usr/share/texmf-dist/tex/latex/footmisc/footmisc.sty
Package: footmisc 2011/06/06 v5.5b a miscellany of footnote facilities
\FN@temptoken=\toks16
\footnotemargin=\dimen137
\c@pp@next@reset=\count176
Package footmisc Info: Declaring symbol style bringhurst on input line 855.
Package footmisc Info: Declaring symbol style chicago on input line 863.
Package footmisc Info: Declaring symbol style wiley on input line 872.
Package footmisc Info: Declaring symbol style lamport-robust on input line 883.
Package footmisc Info: Declaring symbol style lamport* on input line 903.
Package footmisc Info: Declaring symbol style lamport*-robust on input line 924.
) (/usr/share/texmf-dist/tex/generic/babel/babel.sty
Package: babel 2020/05/13 3.44 The Babel package
 (/usr/share/texmf-dist/tex/generic/babel/babel.def
File: babel.def 2020/05/13 3.44 Babel common definitions
\babel@savecnt=\count177
\U@D=\dimen138
\l@babelnohyphens=\language86
 (/usr/share/texmf-dist/tex/generic/babel/txtbabel.def)
\bbl@readstream=\read2
)
\bbl@dirlevel=\count178
 (/usr/share/texmf-dist/tex/generic/babel-german/ngerman.ldf
Language: ngerman 2018/12/08 v2.11 German support for babel (post-1996 orthography)
 (/usr/share/texmf-dist/tex/generic/babel-german/ngermanb.ldf
Language: ngermanb 2018/12/08 v2.11 German support for babel (post-1996 orthography)
Package babel Info: Making " an active character on input line 121.
))) (/usr/share/texmf-dist/tex/latex/parskip/parskip.sty
Package: parskip 2020-05-19 v2.0e non-zero parskip adjustments
 (/usr/share/texmf-dist/tex/latex/kvoptions/kvoptions.sty
Package: kvoptions 2019/11/29 v3.13 Key value format for package options (HO)
 (/usr/share/texmf-dist/tex/generic/ltxcmds/ltxcmds.sty
Package: ltxcmds 2019/12/15 v1.24 LaTeX kernel commands for general use (HO)
) (/usr/share/texmf-dist/tex/generic/kvsetkeys/kvsetkeys.sty
Package: kvsetkeys 2019/12/15 v1.18 Key value parser (HO)
)) (/usr/share/texmf-dist/tex/latex/etoolbox/etoolbox.sty
Package: etoolbox 2019/09/21 v2.5h e-TeX tools for LaTeX (JAW)
\etb@tempcnta=\count179
)) (/usr/share/texmf-dist/tex/latex/base/fontenc.sty
Package: fontenc 2020/02/11 v2.0o Standard LaTeX package
) (/usr/share/texmf-dist/tex/latex/base/inputenc.sty
Package: inputenc 2018/08/11 v1.3c Input encoding file
\inpenc@prehook=\toks17
\inpenc@posthook=\toks18
) (/usr/share/texmf-dist/tex/latex/tools/afterpage.sty
Package: afterpage 2014/10/28 v1.08 After-Page Package (DPC)
\AP@output=\toks19
\AP@partial=\box45
\AP@footins=\box46
) (/usr/share/texmf-dist/tex/latex/amsfonts/amssymb.sty
Package: amssymb 2013/01/14 v3.01 AMS font symbols
 (/usr/share/texmf-dist/tex/latex/amsfonts/amsfonts.sty
Package: amsfonts 2013/01/14 v3.01 Basic AMSFonts support
\@emptytoks=\toks20
\symAMSa=\mathgroup4
\symAMSb=\mathgroup5
LaTeX Font Info:    Redeclaring math symbol \hbar on input line 98.
LaTeX Font Info:    Overwriting math alphabet `\mathfrak' in version `bold'
(Font)                  U/euf/m/n --> U/euf/b/n on input line 106.
)) (/usr/share/texmf-dist/tex/latex/booktabs/booktabs.sty
Package: booktabs 2020/01/12 v1.61803398 Publication quality tables
\heavyrulewidth=\dimen139
\lightrulewidth=\dimen140
\cmidrulewidth=\dimen141
\belowrulesep=\dimen142
\belowbottomsep=\dimen143
\aboverulesep=\dimen144
\abovetopsep=\dimen145
\cmidrulesep=\dimen146
\cmidrulekern=\dimen147
\defaultaddspace=\dimen148
\@cmidla=\count180
\@cmidlb=\count181
\@aboverulesep=\dimen149
\@belowrulesep=\dimen150
\@thisruleclass=\count182
\@lastruleclass=\count183
\@thisrulewidth=\dimen151
) (/usr/share/texmf-dist/tex/latex/chngcntr/chngcntr.sty
Package: chngcntr 2018/04/09 v1.1a change counter resetting
Package chngcntr Info: \counterwithout already defined.
(chngcntr)             Quitting chngcntr on input line 21.
) (/usr/share/texmf-dist/tex/latex/graphics/color.sty
Package: color 2019/11/23 v1.2a Standard LaTeX Color (DPC)
 (/usr/share/texmf-dist/tex/latex/graphics-cfg/color.cfg
File: color.cfg 2016/01/02 v1.6 sample color configuration
)
Package color Info: Driver file: pdftex.def on input line 147.
) (/usr/share/texmf-dist/tex/latex/fancyhdr/fancyhdr.sty
Package: fancyhdr 2019/01/31 v3.10 Extensive control of page headers and footers
\f@nch@headwidth=\skip49
\f@nch@O@elh=\skip50
\f@nch@O@erh=\skip51
\f@nch@O@olh=\skip52
\f@nch@O@orh=\skip53
\f@nch@O@elf=\skip54
\f@nch@O@erf=\skip55
\f@nch@O@olf=\skip56
\f@nch@O@orf=\skip57
) (/usr/share/texmf-dist/tex/latex/geometry/geometry.sty
Package: geometry 2020/01/02 v5.9 Page Geometry
 (/usr/share/texmf-dist/tex/generic/iftex/ifvtex.sty
Package: ifvtex 2019/10/25 v1.7 ifvtex legacy package. Use iftex instead.
 (/usr/share/texmf-dist/tex/generic/iftex/iftex.sty
Package: iftex 2020/03/06 v1.0d TeX engine tests
))
\Gm@cnth=\count184
\Gm@cntv=\count185
\c@Gm@tempcnt=\count186
\Gm@bindingoffset=\dimen152
\Gm@wd@mp=\dimen153
\Gm@odd@mp=\dimen154
\Gm@even@mp=\dimen155
\Gm@layoutwidth=\dimen156
\Gm@layoutheight=\dimen157
\Gm@layouthoffset=\dimen158
\Gm@layoutvoffset=\dimen159
\Gm@dimlist=\toks21
) (/usr/share/texmf-dist/tex/latex/hyphenat/hyphenat.sty
Package: hyphenat 2009/09/02 v2.3c hyphenation utilities
\langwohyphens=\language87
LaTeX Info: Redefining \_ on input line 43.
) (/usr/share/texmf-dist/tex/latex/lettrine/lettrine.sty
File: lettrine.sty 2020-03-14 v2.23 (Daniel Flipo)
 (/usr/share/texmf-dist/tex/generic/minifp/minifp.sty
Package: minifp 2013/12/30 v0.96. Macros for real number operations and a stack-based programing language.
\MFP@loopctr=\count187
)
\c@DefaultLines=\count188
\c@DefaultDepth=\count189
\DefaultFindent=\dimen160
\DefaultNindent=\dimen161
\DefaultSlope=\dimen162
\DiscardVskip=\dimen163
\L@lbox=\box47
\L@tbox=\box48
\c@L@lines=\count190
\c@L@depth=\count191
\L@Pindent=\dimen164
\L@Findent=\dimen165
\L@Nindent=\dimen166
\L@lraise=\dimen167
\L@first=\dimen168
\L@next=\dimen169
\L@slope=\dimen170
\L@height=\dimen171
\L@novskip=\dimen172
\L@target@ht=\dimen173
\L@target@dp=\dimen174
\L@target@tht=\dimen175
\LettrineWidth=\dimen176
\LettrineHeight=\dimen177
\LettrineDepth=\dimen178
\Llist@everypar=\toks22

Loading lettrine.cfg
(/usr/share/texmf-dist/tex/latex/lettrine/lettrine.cfg)) (/usr/share/texmf-dist/tex/latex/paralist/paralist.sty
Package: paralist 2017/01/22 v2.7 Extended list environments
\pltopsep=\skip58
\plpartopsep=\skip59
\plitemsep=\skip60
\plparsep=\skip61
\pl@lab=\toks23
) (/usr/share/texmf-dist/tex/latex/pdfpages/pdfpages.sty
Package: pdfpages 2020/01/28 v0.5q Insert pages of external PDF documents (AM)
 (/usr/share/texmf-dist/tex/latex/base/ifthen.sty
Package: ifthen 2014/09/29 v1.1c Standard LaTeX ifthen package (DPC)
) (/usr/share/texmf-dist/tex/latex/tools/calc.sty
Package: calc 2017/05/25 v4.3 Infix arithmetic (KKT,FJ)
\calc@Acount=\count192
\calc@Bcount=\count193
\calc@Adimen=\dimen179
\calc@Bdimen=\dimen180
\calc@Askip=\skip62
\calc@Bskip=\skip63
LaTeX Info: Redefining \setlength on input line 80.
LaTeX Info: Redefining \addtolength on input line 81.
\calc@Ccount=\count194
\calc@Cskip=\skip64
) (/usr/share/texmf-dist/tex/latex/eso-pic/eso-pic.sty
Package: eso-pic 2018/04/12 v2.0h eso-pic (RN)
 (/usr/share/texmf-dist/tex/generic/atbegshi/atbegshi.sty
Package: atbegshi 2019/12/05 v1.19 At begin shipout hook (HO)
 (/usr/share/texmf-dist/tex/generic/infwarerr/infwarerr.sty
Package: infwarerr 2019/12/03 v1.5 Providing info/warning/error messages (HO)
)))
\AM@pagewidth=\dimen181
\AM@pageheight=\dimen182
 (/usr/share/texmf-dist/tex/latex/pdfpages/pppdftex.def
File: pppdftex.def 2020/01/28 v0.5q Pdfpages driver for pdfTeX (AM)
)
\AM@pagebox=\box49
\AM@global@opts=\toks24
\AM@pagecnt=\count195
\AM@toc@title=\toks25
\c@AM@survey=\count196
\AM@templatesizebox=\box50
) (/usr/share/texmf-dist/tex/latex/setspace/setspace.sty
Package: setspace 2011/12/19 v6.7a set line spacing
) (/usr/share/texmf-dist/tex/latex/tools/tabularx.sty
Package: tabularx 2020/01/15 v2.11c `tabularx' package (DPC)
 (/usr/share/texmf-dist/tex/latex/tools/array.sty
Package: array 2019/08/31 v2.4l Tabular extension package (FMi)
\col@sep=\dimen183
\ar@mcellbox=\box51
\extrarowheight=\dimen184
\NC@list=\toks26
\extratabsurround=\skip65
\backup@length=\skip66
\ar@cellbox=\box52
)
\TX@col@width=\dimen185
\TX@old@table=\dimen186
\TX@old@col=\dimen187
\TX@target=\dimen188
\TX@delta=\dimen189
\TX@cols=\count197
\TX@ftn=\toks27
) (/usr/share/texmf-dist/tex/latex/tcolorbox/tcolorbox.sty
Package: tcolorbox 2020/04/28 version 4.30 text color boxes
 (/usr/share/texmf-dist/tex/latex/pgf/basiclayer/pgf.sty (/usr/share/texmf-dist/tex/latex/pgf/utilities/pgfrcs.sty (/usr/share/texmf-dist/tex/generic/pgf/utilities/pgfutil-common.tex
\pgfutil@everybye=\toks28
\pgfutil@tempdima=\dimen190
\pgfutil@tempdimb=\dimen191
 (/usr/share/texmf-dist/tex/generic/pgf/utilities/pgfutil-common-lists.tex)) (/usr/share/texmf-dist/tex/generic/pgf/utilities/pgfutil-latex.def
\pgfutil@abb=\box53
 (/usr/share/texmf-dist/tex/latex/ms/everyshi.sty
Package: everyshi 2001/05/15 v3.00 EveryShipout Package (MS)
)) (/usr/share/texmf-dist/tex/generic/pgf/utilities/pgfrcs.code.tex (/usr/share/texmf-dist/tex/generic/pgf/pgf.revision.tex)
Package: pgfrcs 2020/01/08 v3.1.5b (3.1.5b)
))
Package: pgf 2020/01/08 v3.1.5b (3.1.5b)
 (/usr/share/texmf-dist/tex/latex/pgf/basiclayer/pgfcore.sty (/usr/share/texmf-dist/tex/latex/pgf/systemlayer/pgfsys.sty (/usr/share/texmf-dist/tex/generic/pgf/systemlayer/pgfsys.code.tex
Package: pgfsys 2020/01/08 v3.1.5b (3.1.5b)
 (/usr/share/texmf-dist/tex/generic/pgf/utilities/pgfkeys.code.tex
\pgfkeys@pathtoks=\toks29
\pgfkeys@temptoks=\toks30
 (/usr/share/texmf-dist/tex/generic/pgf/utilities/pgfkeysfiltered.code.tex
\pgfkeys@tmptoks=\toks31
))
\pgf@x=\dimen192
\pgf@y=\dimen193
\pgf@xa=\dimen194
\pgf@ya=\dimen195
\pgf@xb=\dimen196
\pgf@yb=\dimen197
\pgf@xc=\dimen198
\pgf@yc=\dimen199
\pgf@xd=\dimen256
\pgf@yd=\dimen257
\w@pgf@writea=\write3
\r@pgf@reada=\read3
\c@pgf@counta=\count198
\c@pgf@countb=\count199
\c@pgf@countc=\count266
\c@pgf@countd=\count267
\t@pgf@toka=\toks32
\t@pgf@tokb=\toks33
\t@pgf@tokc=\toks34
\pgf@sys@id@count=\count268
 (/usr/share/texmf-dist/tex/generic/pgf/systemlayer/pgf.cfg
File: pgf.cfg 2020/01/08 v3.1.5b (3.1.5b)
)
Driver file for pgf: pgfsys-pdftex.def
 (/usr/share/texmf-dist/tex/generic/pgf/systemlayer/pgfsys-pdftex.def
File: pgfsys-pdftex.def 2020/01/08 v3.1.5b (3.1.5b)
 (/usr/share/texmf-dist/tex/generic/pgf/systemlayer/pgfsys-common-pdf.def
File: pgfsys-common-pdf.def 2020/01/08 v3.1.5b (3.1.5b)
))) (/usr/share/texmf-dist/tex/generic/pgf/systemlayer/pgfsyssoftpath.code.tex
File: pgfsyssoftpath.code.tex 2020/01/08 v3.1.5b (3.1.5b)
\pgfsyssoftpath@smallbuffer@items=\count269
\pgfsyssoftpath@bigbuffer@items=\count270
) (/usr/share/texmf-dist/tex/generic/pgf/systemlayer/pgfsysprotocol.code.tex
File: pgfsysprotocol.code.tex 2020/01/08 v3.1.5b (3.1.5b)
)) (/usr/share/texmf-dist/tex/latex/xcolor/xcolor.sty
Package: xcolor 2016/05/11 v2.12 LaTeX color extensions (UK)
 (/usr/share/texmf-dist/tex/latex/graphics-cfg/color.cfg
File: color.cfg 2016/01/02 v1.6 sample color configuration
)
Package xcolor Info: Driver file: pdftex.def on input line 225.
LaTeX Info: Redefining \color on input line 709.
Package xcolor Info: Model `cmy' substituted by `cmy0' on input line 1348.
Package xcolor Info: Model `hsb' substituted by `rgb' on input line 1352.
Package xcolor Info: Model `RGB' extended on input line 1364.
Package xcolor Info: Model `HTML' substituted by `rgb' on input line 1366.
Package xcolor Info: Model `Hsb' substituted by `hsb' on input line 1367.
Package xcolor Info: Model `tHsb' substituted by `hsb' on input line 1368.
Package xcolor Info: Model `HSB' substituted by `hsb' on input line 1369.
Package xcolor Info: Model `Gray' substituted by `gray' on input line 1370.
Package xcolor Info: Model `wave' substituted by `hsb' on input line 1371.
) (/usr/share/texmf-dist/tex/generic/pgf/basiclayer/pgfcore.code.tex
Package: pgfcore 2020/01/08 v3.1.5b (3.1.5b)
 (/usr/share/texmf-dist/tex/generic/pgf/math/pgfmath.code.tex (/usr/share/texmf-dist/tex/generic/pgf/math/pgfmathcalc.code.tex (/usr/share/texmf-dist/tex/generic/pgf/math/pgfmathutil.code.tex) (/usr/share/texmf-dist/tex/generic/pgf/math/pgfmathparser.code.tex
\pgfmath@dimen=\dimen258
\pgfmath@count=\count271
\pgfmath@box=\box54
\pgfmath@toks=\toks35
\pgfmath@stack@operand=\toks36
\pgfmath@stack@operation=\toks37
) (/usr/share/texmf-dist/tex/generic/pgf/math/pgfmathfunctions.code.tex (/usr/share/texmf-dist/tex/generic/pgf/math/pgfmathfunctions.basic.code.tex) (/usr/share/texmf-dist/tex/generic/pgf/math/pgfmathfunctions.trigonometric.code.tex) (/usr/share/texmf-dist/tex/generic/pgf/math/pgfmathfunctions.random.code.tex) (/usr/share/texmf-dist/tex/generic/pgf/math/pgfmathfunctions.comparison.code.tex) (/usr/share/texmf-dist/tex/generic/pgf/math/pgfmathfunctions.base.code.tex) (/usr/share/texmf-dist/tex/generic/pgf/math/pgfmathfunctions.round.code.tex) (/usr/share/texmf-dist/tex/generic/pgf/math/pgfmathfunctions.misc.code.tex) (/usr/share/texmf-dist/tex/generic/pgf/math/pgfmathfunctions.integerarithmetics.code.tex))) (/usr/share/texmf-dist/tex/generic/pgf/math/pgfmathfloat.code.tex
\c@pgfmathroundto@lastzeros=\count272
)) (/usr/share/texmf-dist/tex/generic/pgf/math/pgfint.code.tex) (/usr/share/texmf-dist/tex/generic/pgf/basiclayer/pgfcorepoints.code.tex
File: pgfcorepoints.code.tex 2020/01/08 v3.1.5b (3.1.5b)
\pgf@picminx=\dimen259
\pgf@picmaxx=\dimen260
\pgf@picminy=\dimen261
\pgf@picmaxy=\dimen262
\pgf@pathminx=\dimen263
\pgf@pathmaxx=\dimen264
\pgf@pathminy=\dimen265
\pgf@pathmaxy=\dimen266
\pgf@xx=\dimen267
\pgf@xy=\dimen268
\pgf@yx=\dimen269
\pgf@yy=\dimen270
\pgf@zx=\dimen271
\pgf@zy=\dimen272
) (/usr/share/texmf-dist/tex/generic/pgf/basiclayer/pgfcorepathconstruct.code.tex
File: pgfcorepathconstruct.code.tex 2020/01/08 v3.1.5b (3.1.5b)
\pgf@path@lastx=\dimen273
\pgf@path@lasty=\dimen274
) (/usr/share/texmf-dist/tex/generic/pgf/basiclayer/pgfcorepathusage.code.tex
File: pgfcorepathusage.code.tex 2020/01/08 v3.1.5b (3.1.5b)
\pgf@shorten@end@additional=\dimen275
\pgf@shorten@start@additional=\dimen276
) (/usr/share/texmf-dist/tex/generic/pgf/basiclayer/pgfcorescopes.code.tex
File: pgfcorescopes.code.tex 2020/01/08 v3.1.5b (3.1.5b)
\pgfpic=\box55
\pgf@hbox=\box56
\pgf@layerbox@main=\box57
\pgf@picture@serial@count=\count273
) (/usr/share/texmf-dist/tex/generic/pgf/basiclayer/pgfcoregraphicstate.code.tex
File: pgfcoregraphicstate.code.tex 2020/01/08 v3.1.5b (3.1.5b)
\pgflinewidth=\dimen277
) (/usr/share/texmf-dist/tex/generic/pgf/basiclayer/pgfcoretransformations.code.tex
File: pgfcoretransformations.code.tex 2020/01/08 v3.1.5b (3.1.5b)
\pgf@pt@x=\dimen278
\pgf@pt@y=\dimen279
\pgf@pt@temp=\dimen280
) (/usr/share/texmf-dist/tex/generic/pgf/basiclayer/pgfcorequick.code.tex
File: pgfcorequick.code.tex 2020/01/08 v3.1.5b (3.1.5b)
) (/usr/share/texmf-dist/tex/generic/pgf/basiclayer/pgfcoreobjects.code.tex
File: pgfcoreobjects.code.tex 2020/01/08 v3.1.5b (3.1.5b)
) (/usr/share/texmf-dist/tex/generic/pgf/basiclayer/pgfcorepathprocessing.code.tex
File: pgfcorepathprocessing.code.tex 2020/01/08 v3.1.5b (3.1.5b)
) (/usr/share/texmf-dist/tex/generic/pgf/basiclayer/pgfcorearrows.code.tex
File: pgfcorearrows.code.tex 2020/01/08 v3.1.5b (3.1.5b)
\pgfarrowsep=\dimen281
) (/usr/share/texmf-dist/tex/generic/pgf/basiclayer/pgfcoreshade.code.tex
File: pgfcoreshade.code.tex 2020/01/08 v3.1.5b (3.1.5b)
\pgf@max=\dimen282
\pgf@sys@shading@range@num=\count274
\pgf@shadingcount=\count275
) (/usr/share/texmf-dist/tex/generic/pgf/basiclayer/pgfcoreimage.code.tex
File: pgfcoreimage.code.tex 2020/01/08 v3.1.5b (3.1.5b)
 (/usr/share/texmf-dist/tex/generic/pgf/basiclayer/pgfcoreexternal.code.tex
File: pgfcoreexternal.code.tex 2020/01/08 v3.1.5b (3.1.5b)
\pgfexternal@startupbox=\box58
)) (/usr/share/texmf-dist/tex/generic/pgf/basiclayer/pgfcorelayers.code.tex
File: pgfcorelayers.code.tex 2020/01/08 v3.1.5b (3.1.5b)
) (/usr/share/texmf-dist/tex/generic/pgf/basiclayer/pgfcoretransparency.code.tex
File: pgfcoretransparency.code.tex 2020/01/08 v3.1.5b (3.1.5b)
) (/usr/share/texmf-dist/tex/generic/pgf/basiclayer/pgfcorepatterns.code.tex
File: pgfcorepatterns.code.tex 2020/01/08 v3.1.5b (3.1.5b)
) (/usr/share/texmf-dist/tex/generic/pgf/basiclayer/pgfcorerdf.code.tex
File: pgfcorerdf.code.tex 2020/01/08 v3.1.5b (3.1.5b)
))) (/usr/share/texmf-dist/tex/generic/pgf/modules/pgfmoduleshapes.code.tex
File: pgfmoduleshapes.code.tex 2020/01/08 v3.1.5b (3.1.5b)
\pgfnodeparttextbox=\box59
) (/usr/share/texmf-dist/tex/generic/pgf/modules/pgfmoduleplot.code.tex
File: pgfmoduleplot.code.tex 2020/01/08 v3.1.5b (3.1.5b)
) (/usr/share/texmf-dist/tex/latex/pgf/compatibility/pgfcomp-version-0-65.sty
Package: pgfcomp-version-0-65 2020/01/08 v3.1.5b (3.1.5b)
\pgf@nodesepstart=\dimen283
\pgf@nodesepend=\dimen284
) (/usr/share/texmf-dist/tex/latex/pgf/compatibility/pgfcomp-version-1-18.sty
Package: pgfcomp-version-1-18 2020/01/08 v3.1.5b (3.1.5b)
)) (/usr/share/texmf-dist/tex/latex/tools/verbatim.sty
Package: verbatim 2019/11/10 v1.5r LaTeX2e package for verbatim enhancements
\every@verbatim=\toks38
\verbatim@line=\toks39
\verbatim@in@stream=\read4
) (/usr/share/texmf-dist/tex/latex/environ/environ.sty
Package: environ 2014/05/04 v0.3 A new way to define environments
 (/usr/share/texmf-dist/tex/latex/trimspaces/trimspaces.sty
Package: trimspaces 2009/09/17 v1.1 Trim spaces around a token list
)
\@envbody=\toks40
)
\tcb@titlebox=\box60
\tcb@upperbox=\box61
\tcb@lowerbox=\box62
\tcb@phantombox=\box63
\c@tcbbreakpart=\count276
\c@tcblayer=\count277
\c@tcolorbox@number=\count278
\tcb@temp=\box64
\tcb@temp=\box65
\tcb@temp=\box66
\tcb@temp=\box67
\tcb@out=\write4
\tcb@record@out=\write5
) (/usr/share/texmf-dist/tex/latex/titlesec/titlesec.sty
Package: titlesec 2019/10/16 v2.13 Sectioning titles
\ttl@box=\box68
\beforetitleunit=\skip67
\aftertitleunit=\skip68
\ttl@plus=\dimen285
\ttl@minus=\dimen286
\ttl@toksa=\toks41
\titlewidth=\dimen287
\titlewidthlast=\dimen288
\titlewidthfirst=\dimen289
) (/usr/share/texmf-dist/tex/latex/wrapfig/wrapfig.sty
\wrapoverhang=\dimen290
\WF@size=\dimen291
\c@WF@wrappedlines=\count279
\WF@box=\box69
\WF@everypar=\toks42
Package: wrapfig 2003/01/31  v 3.6
) (/usr/share/texmf-dist/tex/latex/microtype/microtype.sty
Package: microtype 2019/11/18 v2.7d Micro-typographical refinements (RS)
\MT@toks=\toks43
\MT@count=\count280
LaTeX Info: Redefining \textls on input line 790.
\MT@outer@kern=\dimen292
LaTeX Info: Redefining \textmicrotypecontext on input line 1354.
\MT@listname@count=\count281
 (/usr/share/texmf-dist/tex/latex/microtype/microtype-pdftex.def
File: microtype-pdftex.def 2019/11/18 v2.7d Definitions specific to pdftex (RS)
LaTeX Info: Redefining \lsstyle on input line 914.
LaTeX Info: Redefining \lslig on input line 914.
\MT@outer@space=\skip69
)
Package microtype Info: Loading configuration file microtype.cfg.
 (/usr/share/texmf-dist/tex/latex/microtype/microtype.cfg
File: microtype.cfg 2019/11/18 v2.7d microtype main configuration file (RS)
)) (/usr/share/texmf-dist/tex/latex/hyperref/hyperref.sty
Package: hyperref 2020-05-15 v7.00e Hypertext links for LaTeX
 (/usr/share/texmf-dist/tex/latex/pdftexcmds/pdftexcmds.sty
Package: pdftexcmds 2020-06-04 v0.32 Utility functions of pdfTeX for LuaTeX (HO)
Package pdftexcmds Info: \pdf@primitive is available.
Package pdftexcmds Info: \pdf@ifprimitive is available.
Package pdftexcmds Info: \pdfdraftmode found.
) (/usr/share/texmf-dist/tex/generic/kvdefinekeys/kvdefinekeys.sty
Package: kvdefinekeys 2019-12-19 v1.6 Define keys (HO)
) (/usr/share/texmf-dist/tex/generic/pdfescape/pdfescape.sty
Package: pdfescape 2019/12/09 v1.15 Implements pdfTeX's escape features (HO)
) (/usr/share/texmf-dist/tex/latex/hycolor/hycolor.sty
Package: hycolor 2020-01-27 v1.10 Color options for hyperref/bookmark (HO)
) (/usr/share/texmf-dist/tex/latex/letltxmacro/letltxmacro.sty
Package: letltxmacro 2019/12/03 v1.6 Let assignment for LaTeX macros (HO)
) (/usr/share/texmf-dist/tex/latex/auxhook/auxhook.sty
Package: auxhook 2019-12-17 v1.6 Hooks for auxiliary files (HO)
)
\@linkdim=\dimen293
\Hy@linkcounter=\count282
\Hy@pagecounter=\count283
 (/usr/share/texmf-dist/tex/latex/hyperref/pd1enc.def
File: pd1enc.def 2020-05-15 v7.00e Hyperref: PDFDocEncoding definition (HO)
Now handling font encoding PD1 ...
... no UTF-8 mapping file for font encoding PD1
) (/usr/share/texmf-dist/tex/generic/intcalc/intcalc.sty
Package: intcalc 2019/12/15 v1.3 Expandable calculations with integers (HO)
) (/usr/share/texmf-dist/tex/generic/etexcmds/etexcmds.sty
Package: etexcmds 2019/12/15 v1.7 Avoid name clashes with e-TeX commands (HO)
)
\Hy@SavedSpaceFactor=\count284
Package hyperref Info: Hyper figures OFF on input line 4464.
Package hyperref Info: Link nesting OFF on input line 4469.
Package hyperref Info: Hyper index ON on input line 4472.
Package hyperref Info: Plain pages OFF on input line 4479.
Package hyperref Info: Backreferencing OFF on input line 4484.
Package hyperref Info: Implicit mode ON; LaTeX internals redefined.
Package hyperref Info: Bookmarks ON on input line 4717.
\c@Hy@tempcnt=\count285
 (/usr/share/texmf-dist/tex/latex/url/url.sty
\Urlmuskip=\muskip16
Package: url 2013/09/16  ver 3.4  Verb mode for urls, etc.
)
LaTeX Info: Redefining \url on input line 5076.
\XeTeXLinkMargin=\dimen294
 (/usr/share/texmf-dist/tex/generic/bitset/bitset.sty
Package: bitset 2019/12/09 v1.3 Handle bit-vector datatype (HO)
 (/usr/share/texmf-dist/tex/generic/bigintcalc/bigintcalc.sty
Package: bigintcalc 2019/12/15 v1.5 Expandable calculations on big integers (HO)
))
\Fld@menulength=\count286
\Field@Width=\dimen295
\Fld@charsize=\dimen296
Package hyperref Info: Hyper figures OFF on input line 6347.
Package hyperref Info: Link nesting OFF on input line 6352.
Package hyperref Info: Hyper index ON on input line 6355.
Package hyperref Info: backreferencing OFF on input line 6362.
Package hyperref Info: Link coloring OFF on input line 6367.
Package hyperref Info: Link coloring with OCG OFF on input line 6372.
Package hyperref Info: PDF/A mode OFF on input line 6377.
LaTeX Info: Redefining \ref on input line 6417.
LaTeX Info: Redefining \pageref on input line 6421.
\Hy@abspage=\count287
\c@Item=\count288
\c@Hfootnote=\count289
)
Package hyperref Info: Driver (autodetected): hpdftex.
 (/usr/share/texmf-dist/tex/latex/hyperref/hpdftex.def
File: hpdftex.def 2020-05-15 v7.00e Hyperref driver for pdfTeX
 (/usr/share/texmf-dist/tex/latex/atveryend/atveryend.sty
Package: atveryend 2019-12-11 v1.11 Hooks at the very end of document (HO)
)
\Fld@listcount=\count290
\c@bookmark@seq@number=\count291
 (/usr/share/texmf-dist/tex/latex/rerunfilecheck/rerunfilecheck.sty
Package: rerunfilecheck 2019/12/05 v1.9 Rerun checks for auxiliary files (HO)
 (/usr/share/texmf-dist/tex/generic/uniquecounter/uniquecounter.sty
Package: uniquecounter 2019/12/15 v1.4 Provide unlimited unique counter (HO)
)
Package uniquecounter Info: New unique counter `rerunfilecheck' on input line 286.
)
\Hy@SectionHShift=\skip70
) (/usr/share/texmf-dist/tex/latex/initials/GotIn.fd
File: GotIn.fd 2003/04/02 Font definition file for U/GotIn
)
\diebox=\skip71
 (/usr/share/texmf-dist/tex/latex/l3backend/l3backend-pdfmode.def
File: l3backend-pdfmode.def 2020-06-03 L3 backend support: PDF mode
\l__kernel_color_stack_int=\count292
\l__pdf_internal_box=\box70
) (./main.aux)
LaTeX Font Info:    Checking defaults for OML/cmm/m/it on input line 103.
LaTeX Font Info:    ... okay on input line 103.
LaTeX Font Info:    Checking defaults for OMS/cmsy/m/n on input line 103.
LaTeX Font Info:    ... okay on input line 103.
LaTeX Font Info:    Checking defaults for OT1/cmr/m/n on input line 103.
LaTeX Font Info:    ... okay on input line 103.
LaTeX Font Info:    Checking defaults for T1/cmr/m/n on input line 103.
LaTeX Font Info:    ... okay on input line 103.
LaTeX Font Info:    Checking defaults for TS1/cmr/m/n on input line 103.
LaTeX Font Info:    ... okay on input line 103.
LaTeX Font Info:    Checking defaults for OMX/cmex/m/n on input line 103.
LaTeX Font Info:    ... okay on input line 103.
LaTeX Font Info:    Checking defaults for U/cmr/m/n on input line 103.
LaTeX Font Info:    ... okay on input line 103.
LaTeX Font Info:    Checking defaults for PD1/pdf/m/n on input line 103.
LaTeX Font Info:    ... okay on input line 103.
LaTeX Font Info:    Trying to load font information for T1+pplj on input line 103.
 (/usr/share/texmf-dist/tex/latex/psnfss/t1pplj.fd
File: t1pplj.fd 2004/09/06 font definitions for T1/pplj.
) (/usr/share/texmf-dist/tex/context/base/mkii/supp-pdf.mkii
[Loading MPS to PDF converter (version 2006.09.02).]
\scratchcounter=\count293
\scratchdimen=\dimen297
\scratchbox=\box71
\nofMPsegments=\count294
\nofMParguments=\count295
\everyMPshowfont=\toks44
\MPscratchCnt=\count296
\MPscratchDim=\dimen298
\MPnumerator=\count297
\makeMPintoPDFobject=\count298
\everyMPtoPDFconversion=\toks45
) (/usr/share/texmf-dist/tex/latex/epstopdf-pkg/epstopdf-base.sty
Package: epstopdf-base 2020-01-24 v2.11 Base part for package epstopdf
Package epstopdf-base Info: Redefining graphics rule for `.eps' on input line 485.
 (/usr/share/texmf-dist/tex/latex/latexconfig/epstopdf-sys.cfg
File: epstopdf-sys.cfg 2010/07/13 v1.3 Configuration of (r)epstopdf for TeX Live
))
*geometry* driver: auto-detecting
*geometry* detected driver: pdftex
*geometry* verbose mode - [ preamble ] result:
* driver: pdftex
* paper: a4paper
* layout: <same size as paper>
* layoutoffset:(h,v)=(0.0pt,0.0pt)
* modes: twoside 
* h-part:(L,W,R)=(85.35826pt, 455.24411pt, 56.9055pt)
* v-part:(T,H,B)=(0.0pt, 759.68858pt, 85.35826pt)
* \paperwidth=597.50787pt
* \paperheight=845.04684pt
* \textwidth=455.24411pt
* \textheight=759.68858pt
* \oddsidemargin=13.08827pt
* \evensidemargin=-15.36449pt
* \topmargin=-137.7114pt
* \headheight=42.67912pt
* \headsep=22.76228pt
* \topskip=12.0pt
* \footskip=42.67911pt
* \marginparwidth=88.0pt
* \marginparsep=7.0pt
* \columnsep=10.0pt
* \skip\footins=10.8pt plus 4.0pt minus 2.0pt
* \hoffset=0.0pt
* \voffset=0.0pt
* \mag=1000
* \@twocolumnfalse
* \@twosidetrue
* \@mparswitchtrue
* \@reversemarginfalse
* (1in=72.27pt=25.4mm, 1cm=28.453pt)

\AtBeginShipoutBox=\box72
(/usr/share/texmf-dist/tex/latex/pdflscape/pdflscape.sty
Package: pdflscape 2019/12/05 v0.12 Display of landscape pages in PDF (HO)
 (/usr/share/texmf-dist/tex/latex/graphics/lscape.sty
Package: lscape 2000/10/22 v3.01 Landscape Pages (DPC)
)
Package pdflscape Info: Auto-detected driver: pdftex on input line 81.
) ABD: EveryShipout initializing macros
LaTeX Info: Redefining \microtypecontext on input line 103.
Package microtype Info: Generating PDF output.
Package microtype Info: Character protrusion enabled (level 2).
Package microtype Info: Using default protrusion set `alltext'.
Package microtype Info: Automatic font expansion enabled (level 2),
(microtype)             stretch: 10, shrink: 10, step: 1, non-selected.
Package microtype Info: Using default expansion set `basictext'.
LaTeX Info: Redefining \showhyphens on input line 103.
Package microtype Info: Tracking enabled.
Package microtype Info: Using default tracking set `smallcaps'.
Package microtype Info: No adjustment of interword spacing.
Package microtype Info: No adjustment of character kerning.
 (/usr/share/texmf-dist/tex/latex/microtype/mt-ppl.cfg
File: mt-ppl.cfg 2005/11/16 v1.6 microtype config. file: Palatino (RS)
)
Package hyperref Info: Link coloring OFF on input line 103.
 (/usr/share/texmf-dist/tex/latex/hyperref/nameref.sty
Package: nameref 2019/09/16 v2.46 Cross-referencing by name of section
 (/usr/share/texmf-dist/tex/latex/refcount/refcount.sty
Package: refcount 2019/12/15 v3.6 Data extraction from label references (HO)
) (/usr/share/texmf-dist/tex/generic/gettitlestring/gettitlestring.sty
Package: gettitlestring 2019/12/15 v1.6 Cleanup title references (HO)
)
\c@section@level=\count299
)
LaTeX Info: Redefining \ref on input line 103.
LaTeX Info: Redefining \pageref on input line 103.
LaTeX Info: Redefining \nameref on input line 103.
 (./main.out) (./main.out)
\@outlinefile=\write6
<wikinger-workbook-front.pdf, id=91, 597.432pt x 845.07718pt>
File: wikinger-workbook-front.pdf Graphic file (type pdf)
<use wikinger-workbook-front.pdf>
Package pdftex.def Info: wikinger-workbook-front.pdf  used on input line 105.
(pdftex.def)             Requested size: 597.43054pt x 845.07512pt.
File: wikinger-workbook-front.pdf Graphic file (type pdf)
<use wikinger-workbook-front.pdf>
Package pdftex.def Info: wikinger-workbook-front.pdf  used on input line 105.
(pdftex.def)             Requested size: 597.43054pt x 845.07512pt.
<wikinger-workbook-front.pdf, id=94, page=1, 597.432pt x 845.07718pt>
File: wikinger-workbook-front.pdf Graphic file (type pdf)
<use wikinger-workbook-front.pdf, page 1>
Package pdftex.def Info: wikinger-workbook-front.pdf , page1 used on input line 105.
(pdftex.def)             Requested size: 597.43054pt x 845.07512pt.
File: wikinger-workbook-front.pdf Graphic file (type pdf)
<use wikinger-workbook-front.pdf, page 1>
Package pdftex.def Info: wikinger-workbook-front.pdf , page1 used on input line 105.
(pdftex.def)             Requested size: 597.45789pt x 845.1138pt.
File: wikinger-workbook-front.pdf Graphic file (type pdf)
<use wikinger-workbook-front.pdf, page 1>
Package pdftex.def Info: wikinger-workbook-front.pdf , page1 used on input line 105.
(pdftex.def)             Requested size: 597.45789pt x 845.1138pt.
File: wikinger-workbook-front.pdf Graphic file (type pdf)
<use wikinger-workbook-front.pdf, page 1>
Package pdftex.def Info: wikinger-workbook-front.pdf , page1 used on input line 105.
(pdftex.def)             Requested size: 597.45789pt x 845.1138pt.
File: wikinger-workbook-front.pdf Graphic file (type pdf)
<use wikinger-workbook-front.pdf, page 1>
Package pdftex.def Info: wikinger-workbook-front.pdf , page1 used on input line 105.
(pdftex.def)             Requested size: 597.45789pt x 845.1138pt.
 [1

 <./wikinger-workbook-front.pdf>]pdfTeX warning (ext4): destination with the same identifier (name{page.1}) has been already used, duplicate ignored
<to be read again> 
                   \relax 
l.110 \tableofcontents
                       [1

] (./main.toc (/usr/share/texmf-dist/tex/latex/microtype/mt-cmr.cfg
File: mt-cmr.cfg 2013/05/19 v2.2 microtype config. file: Computer Modern Roman (RS)
)
LaTeX Font Info:    Trying to load font information for U+msa on input line 3.
 (/usr/share/texmf-dist/tex/latex/amsfonts/umsa.fd
File: umsa.fd 2013/01/14 v3.01 AMS symbols A
) (/usr/share/texmf-dist/tex/latex/microtype/mt-msa.cfg
File: mt-msa.cfg 2006/02/04 v1.1 microtype config. file: AMS symbols (a) (RS)
)
LaTeX Font Info:    Trying to load font information for U+msb on input line 3.
 (/usr/share/texmf-dist/tex/latex/amsfonts/umsb.fd
File: umsb.fd 2013/01/14 v3.01 AMS symbols B
) (/usr/share/texmf-dist/tex/latex/microtype/mt-msb.cfg
File: mt-msb.cfg 2005/06/01 v1.0 microtype config. file: AMS symbols (b) (RS)
))
\tf@toc=\write7
 [2{/var/lib/texmf/fonts/map/pdftex/updmap/pdftex.map}]
*geometry* verbose mode - [ newgeometry ] result:
* driver: pdftex
* paper: a4paper
* layout: <same size as paper>
* layoutoffset:(h,v)=(0.0pt,0.0pt)
* modes: twoside heightrounded 
* h-part:(L,W,R)=(56.9055pt, 433.90454pt, 106.69783pt)
* v-part:(T,H,B)=(56.9055pt, 717.00946pt, 71.13188pt)
* \paperwidth=597.50787pt
* \paperheight=845.04684pt
* \textwidth=433.90454pt
* \textheight=713.4375pt
* \oddsidemargin=-15.36449pt
* \evensidemargin=34.42784pt
* \topmargin=-80.8059pt
* \headheight=42.67912pt
* \headsep=22.76228pt
* \topskip=12.0pt
* \footskip=42.67911pt
* \marginparwidth=79.6678pt
* \marginparsep=8.5359pt
* \columnsep=10.0pt
* \skip\footins=10.8pt plus 4.0pt minus 2.0pt
* \hoffset=0.0pt
* \voffset=0.0pt
* \mag=1000
* \@twocolumnfalse
* \@twosidetrue
* \@mparswitchtrue
* \@reversemarginfalse
* (1in=72.27pt=25.4mm, 1cm=28.453pt)


Kapitel 1.
Package lettrine.sty Info: Targeted height = 22.16249pt
(lettrine.sty)             (for loversize=0, accent excluded),
(lettrine.sty)             Lettrine height = 27.77249pt (\usefont {U}{GotIn}{xl}{n}{D}) loversize=0.25;
(lettrine.sty)             reported on input line 122.

Underfull \hbox (badness 10000) in paragraph at lines 122--129

 []

<./img/haithabu.jpg, id=194, 637.38126pt x 358.33875pt>
File: ./img/haithabu.jpg Graphic file (type jpg)
<use ./img/haithabu.jpg>
Package pdftex.def Info: ./img/haithabu.jpg  used on input line 132.
(pdftex.def)             Requested size: 143.18929pt x 80.49698pt.
[3


 <./img/haithabu.jpg>]
Underfull \vbox (badness 10000) has occurred while \output is active []

 [4]
Underfull \vbox (badness 10000) has occurred while \output is active []

 [5]
LaTeX Font Info:    Trying to load font information for TS1+pplj on input line 192.
 (/usr/share/texmf-dist/tex/latex/psnfss/ts1pplj.fd
File: ts1pplj.fd 2004/09/06 font definitions for TS1/pplj.
) [6]
Kapitel 2.
Package lettrine.sty Info: Targeted height = 22.16249pt
(lettrine.sty)             (for loversize=0, accent excluded),
(lettrine.sty)             Lettrine height = 27.77249pt (\usefont {U}{GotIn}{xl}{n}{D}) loversize=0.25;
(lettrine.sty)             reported on input line 204.
<./img/kleidung.jpg, id=216, 3468.96pt x 5203.44pt>
File: ./img/kleidung.jpg Graphic file (type jpg)
<use ./img/kleidung.jpg>
Package pdftex.def Info: ./img/kleidung.jpg  used on input line 209.
(pdftex.def)             Requested size: 125.82939pt x 188.72903pt.
File: ./img/empty.jpeg Graphic file (type jpg)
<use ./img/empty.jpeg>
Package pdftex.def Info: ./img/empty.jpeg  used on input line 225.
(pdftex.def)             Requested size: 120.00177pt x 120.0pt.

Overfull \hbox (3.34477pt too wide) in paragraph at lines 225--225
[]|[]| 
 []

File: ./img/empty.jpeg Graphic file (type jpg)
<use ./img/empty.jpeg>
Package pdftex.def Info: ./img/empty.jpeg  used on input line 225.
(pdftex.def)             Requested size: 120.00177pt x 120.0pt.

Overfull \hbox (3.34477pt too wide) in paragraph at lines 225--225
[]|[]| 
 []

File: ./img/empty.jpeg Graphic file (type jpg)
<use ./img/empty.jpeg>
Package pdftex.def Info: ./img/empty.jpeg  used on input line 225.
(pdftex.def)             Requested size: 120.00177pt x 120.0pt.

Overfull \hbox (3.34477pt too wide) in paragraph at lines 225--225
[]|[]| 
 []

File: ./img/empty.jpeg Graphic file (type jpg)
<use ./img/empty.jpeg>
Package pdftex.def Info: ./img/empty.jpeg  used on input line 225.
(pdftex.def)             Requested size: 120.00177pt x 120.0pt.

Overfull \hbox (3.34477pt too wide) in paragraph at lines 225--225
[]|[]| 
 []

File: ./img/empty.jpeg Graphic file (type jpg)
<use ./img/empty.jpeg>
Package pdftex.def Info: ./img/empty.jpeg  used on input line 225.
(pdftex.def)             Requested size: 120.00177pt x 120.0pt.

Overfull \hbox (3.34477pt too wide) in paragraph at lines 225--225
[]|[]| 
 []


Underfull \hbox (badness 10000) in alignment at lines 225--225
[][] 
 []


Overfull \hbox (30.0pt too wide) in paragraph at lines 225--226
[] 
 []


Underfull \vbox (badness 10000) has occurred while \output is active []

 [7

 <./img/kleidung.jpg>]
Underfull \vbox (badness 10000) has occurred while \output is active []

 [8 <./img/empty.jpeg>]
File: ./img/empty.jpeg Graphic file (type jpg)
<use ./img/empty.jpeg>
Package pdftex.def Info: ./img/empty.jpeg  used on input line 239.
(pdftex.def)             Requested size: 120.00177pt x 120.0pt.

Overfull \hbox (3.34477pt too wide) in paragraph at lines 239--239
[]|[]| 
 []

File: ./img/empty.jpeg Graphic file (type jpg)
<use ./img/empty.jpeg>
Package pdftex.def Info: ./img/empty.jpeg  used on input line 239.
(pdftex.def)             Requested size: 120.00177pt x 120.0pt.

Overfull \hbox (3.34477pt too wide) in paragraph at lines 239--239
[]|[]| 
 []

File: ./img/empty.jpeg Graphic file (type jpg)
<use ./img/empty.jpeg>
Package pdftex.def Info: ./img/empty.jpeg  used on input line 239.
(pdftex.def)             Requested size: 120.00177pt x 120.0pt.

Overfull \hbox (3.34477pt too wide) in paragraph at lines 239--239
[]|[]| 
 []

File: ./img/empty.jpeg Graphic file (type jpg)
<use ./img/empty.jpeg>
Package pdftex.def Info: ./img/empty.jpeg  used on input line 239.
(pdftex.def)             Requested size: 120.00177pt x 120.0pt.

Overfull \hbox (3.34477pt too wide) in paragraph at lines 239--239
[]|[]| 
 []


Underfull \hbox (badness 10000) in alignment at lines 239--239
[][] 
 []


Overfull \hbox (30.0pt too wide) in paragraph at lines 239--240
[] 
 []


Underfull \vbox (badness 10000) has occurred while \output is active []

 [9]
File: ./img/empty.jpeg Graphic file (type jpg)
<use ./img/empty.jpeg>
Package pdftex.def Info: ./img/empty.jpeg  used on input line 250.
(pdftex.def)             Requested size: 120.00177pt x 120.0pt.

Overfull \hbox (3.34477pt too wide) in paragraph at lines 250--250
[]|[]| 
 []


Underfull \hbox (badness 3590) in paragraph at lines 250--250
[]|\T1/pplj/m/n/12 Diese Waf-fe ist ei-ne klei-ne-re Aus-füh-rung der
 []

File: ./img/empty.jpeg Graphic file (type jpg)
<use ./img/empty.jpeg>
Package pdftex.def Info: ./img/empty.jpeg  used on input line 250.
(pdftex.def)             Requested size: 120.00177pt x 120.0pt.

Overfull \hbox (3.34477pt too wide) in paragraph at lines 250--250
[]|[]| 
 []

File: ./img/empty.jpeg Graphic file (type jpg)
<use ./img/empty.jpeg>
Package pdftex.def Info: ./img/empty.jpeg  used on input line 250.
(pdftex.def)             Requested size: 120.00177pt x 120.0pt.

Overfull \hbox (3.34477pt too wide) in paragraph at lines 250--250
[]|[]| 
 []

File: ./img/empty.jpeg Graphic file (type jpg)
<use ./img/empty.jpeg>
Package pdftex.def Info: ./img/empty.jpeg  used on input line 250.
(pdftex.def)             Requested size: 120.00177pt x 120.0pt.

Overfull \hbox (3.34477pt too wide) in paragraph at lines 250--250
[]|[]| 
 []


Underfull \hbox (badness 10000) in alignment at lines 250--250
[][] 
 []


Overfull \hbox (30.0pt too wide) in paragraph at lines 250--251
[][] 
 []


Underfull \vbox (badness 10000) has occurred while \output is active []

 [10]
Package lettrine.sty Info: Targeted height = 22.16249pt
(lettrine.sty)             (for loversize=0, accent excluded),
(lettrine.sty)             Lettrine height = 27.77249pt (\usefont {U}{GotIn}{xl}{n}{D}) loversize=0.25;
(lettrine.sty)             reported on input line 264.
<./img/aussen.jpeg, id=236, 104.60132pt x 69.65497pt>
File: ./img/aussen.jpeg Graphic file (type jpg)
<use ./img/aussen.jpeg>
Package pdftex.def Info: ./img/aussen.jpeg  used on input line 268.
(pdftex.def)             Requested size: 143.18929pt x 95.35762pt.
<./img/innen.jpeg, id=237, 552.0625pt x 414.54875pt>
File: ./img/innen.jpeg Graphic file (type jpg)
<use ./img/innen.jpeg>
Package pdftex.def Info: ./img/innen.jpeg  used on input line 277.
(pdftex.def)             Requested size: 143.18929pt x 107.52078pt.
 [11 <./img/aussen.jpeg> <./img/innen.jpeg>]
Package lettrine.sty Info: Targeted height = 22.16249pt
(lettrine.sty)             (for loversize=0, accent excluded),
(lettrine.sty)             Lettrine height = 27.77249pt (\usefont {U}{GotIn}{xl}{n}{D}) loversize=0.25;
(lettrine.sty)             reported on input line 289.
 [12] [13]
Kapitel 3.
<./img/siedlungspunkte.png, id=255, 1284.8pt x 797.98125pt>
File: ./img/siedlungspunkte.png Graphic file (type png)
<use ./img/siedlungspunkte.png>
Package pdftex.def Info: ./img/siedlungspunkte.png  used on input line 316.
(pdftex.def)             Requested size: 537.75343pt x 334.00528pt.

Overfull \hbox (39.63676pt too wide) in paragraph at lines 315--317
 |  [] 
 []


Underfull \vbox (badness 1028) has occurred while \output is active []

 [14

 <./img/siedlungspunkte.png>]
Package lettrine.sty Info: Targeted height = 22.16249pt
(lettrine.sty)             (for loversize=0, accent excluded),
(lettrine.sty)             Lettrine height = 27.70297pt (\usefont {U}{GotIn}{xl}{n}{M}) loversize=0.25;
(lettrine.sty)             reported on input line 337.

Underfull \vbox (badness 10000) has occurred while \output is active []

 [15]
<./img/england865.png, id=266, 851.18pt x 871.255pt>
File: ./img/england865.png Graphic file (type png)
<use ./img/england865.png>
Package pdftex.def Info: ./img/england865.png  used on input line 343.
(pdftex.def)             Requested size: 390.51143pt x 399.71863pt.

Underfull \hbox (badness 10000) in paragraph at lines 346--351

 []


Underfull \vbox (badness 7595) has occurred while \output is active []

 [16 <./img/england865.png>] [17]
Kapitel 4.
Package lettrine.sty Info: Targeted height = 22.16249pt
(lettrine.sty)             (for loversize=0, accent excluded),
(lettrine.sty)             Lettrine height = 27.73775pt (\usefont {U}{GotIn}{xl}{n}{B}) loversize=0.25;
(lettrine.sty)             reported on input line 360.

Underfull \hbox (badness 10000) in paragraph at lines 362--362
\T1/pplj/m/n/10 Auch Heim-dall
 []


Underfull \hbox (badness 5064) in paragraph at lines 362--362
\T1/pplj/m/n/10 ge-nannt. Schutz-
 []


Underfull \hbox (badness 10000) in paragraph at lines 360--375

 []


Underfull \hbox (badness 10000) in paragraph at lines 360--375

 []

[18

]
Package lettrine.sty Info: Targeted height = 22.16249pt
(lettrine.sty)             (for loversize=0, accent excluded),
(lettrine.sty)             Lettrine height = 27.77249pt (\usefont {U}{GotIn}{xl}{n}{D}) loversize=0.25;
(lettrine.sty)             reported on input line 383.
 [19]
Underfull \hbox (badness 10000) in paragraph at lines 399--399
\T1/pplj/m/n/10 Gegenstände
 []


Underfull \hbox (badness 6741) in paragraph at lines 399--399
\T1/pplj/m/n/10 oder Geld, das
 []


Underfull \hbox (badness 6188) in paragraph at lines 399--399
\T1/pplj/m/n/10 tern mit-ge-ge-ben
 []


Underfull \vbox (badness 6510) has occurred while \output is active []

 [20]
Underfull \vbox (badness 6510) has occurred while \output is active []

 [21]
Package lettrine.sty Info: Targeted height = 22.16249pt
(lettrine.sty)             (for loversize=0, accent excluded),
(lettrine.sty)             Lettrine height = 27.70297pt (\usefont {U}{GotIn}{xl}{n}{N}) loversize=0.25;
(lettrine.sty)             reported on input line 429.

Underfull \hbox (badness 10000) in paragraph at lines 429--442

 []


Underfull \hbox (badness 10000) in paragraph at lines 429--442

 []

[22] [23]
Kapitel 5.
Package lettrine.sty Info: Targeted height = 24.70003pt
(lettrine.sty)             (for loversize=0, accent excluded),
(lettrine.sty)             Lettrine height = 30.95236pt (\usefont {U}{GotIn}{xl}{n}{D}) loversize=0.25;
(lettrine.sty)             reported on input line 455.

Overfull \hbox (2.75218pt too wide) in paragraph at lines 455--474
\T1/pplj/m/n/12 zeich-ne-te sich durch [] 
 []


Overfull \hbox (1.13257pt too wide) in paragraph at lines 455--474
\T1/pplj/m/n/12 rem Mann schei-den las-sen, was in an-de-ren zeit-ge-nös-si-schen Ge-sell-schaf-ten [] 
 []

[24

]
Underfull \vbox (badness 10000) has occurred while \output is active []

 [25] [26]pdfTeX warning (ext4): destination with the same identifier (name{page.26}) has been already used, duplicate ignored
<to be read again> 
                   \relax 
l.482 margin=2cm,bottom=2.5cm}
                               [26

]
*geometry* verbose mode - [ newgeometry ] result:
* driver: pdftex
* paper: a4paper
* layout: <same size as paper>
* layoutoffset:(h,v)=(0.0pt,0.0pt)
* modes: twoside 
* h-part:(L,W,R)=(56.9055pt, 483.69687pt, 56.9055pt)
* v-part:(T,H,B)=(56.9055pt, 717.00946pt, 71.13188pt)
* \paperwidth=597.50787pt
* \paperheight=845.04684pt
* \textwidth=483.69687pt
* \textheight=717.00946pt
* \oddsidemargin=-15.36449pt
* \evensidemargin=-15.36449pt
* \topmargin=-80.8059pt
* \headheight=42.67912pt
* \headsep=22.76228pt
* \topskip=12.0pt
* \footskip=42.67911pt
* \marginparwidth=88.0pt
* \marginparsep=7.0pt
* \columnsep=10.0pt
* \skip\footins=10.8pt plus 4.0pt minus 2.0pt
* \hoffset=0.0pt
* \voffset=0.0pt
* \mag=1000
* \@twocolumnfalse
* \@twosidetrue
* \@mparswitchtrue
* \@reversemarginfalse
* (1in=72.27pt=25.4mm, 1cm=28.453pt)

LaTeX Font Info:    Trying to load font information for T1+cmtt on input line 487.
 (/usr/share/texmf-dist/tex/latex/base/t1cmtt.fd
File: t1cmtt.fd 2019/12/16 v2.5j Standard LaTeX font definitions
)
Package microtype Info: Loading generic protrusion settings for font family
(microtype)             `cmtt' (encoding: T1).
(microtype)             For optimal results, create family-specific settings.
(microtype)             See the microtype manual for details.

Overfull \hbox (24.99478pt too wide) in paragraph at lines 486--492
\T1/pplj/m/n/12 - []$\T1/cmtt/m/n/12 https : / / www . tvollmer . de / picture . php / 9 _ _Wikinger _ und _ Mittelalterspektakel _ 20150418 -[]
 []


Overfull \hbox (8.9437pt too wide) in paragraph at lines 486--492
\T1/pplj/m/n/12 - []$\T1/cmtt/m/n/12 https : / / commons . wikimedia . org / wiki / File : 02015 _ Wikinger _ Reenactment -[] Gruppen _ des _
 []


Overfull \hbox (32.52032pt too wide) in paragraph at lines 486--492
\T1/pplj/m/n/12 - []$\T1/cmtt/m/n/12 https : / / commons . wikimedia . org / wiki / File : Das _ Wikingerdorf _ am _ Walchensee _ (3948148934 )
 []


Underfull \hbox (badness 10000) in paragraph at lines 486--492

 []


Overfull \hbox (54.62755pt too wide) in paragraph at lines 494--503
\T1/pplj/m/n/12 - []$\T1/cmtt/m/n/12 https : / / www . planet -[] wissen . de / kultur / voelker / wikinger / pwiediegesellschaftderwikinger100 .
 []


Overfull \hbox (15.6478pt too wide) in paragraph at lines 494--503
\T1/pplj/m/n/12 - []$\T1/cmtt/m/n/12 https : / / www . deutschlandfunkkultur . de / welterbe -[] museum -[] bei -[] schleswig -[] die -[] welt -[] der -[]
 []


Underfull \hbox (badness 10000) in paragraph at lines 494--503

 []


Overfull \hbox (33.49062pt too wide) in paragraph at lines 504--522
\T1/pplj/m/n/12 - []$\T1/cmtt/m/n/12 https : / / de . wikipedia . org / wiki / Langhaus _ (Wohngebäude ) #Nordisches _ Langhaus$[] \T1/pplj/m/n/12 (15.05.2020). 
 []


Overfull \hbox (54.15814pt too wide) in paragraph at lines 504--522
\T1/pplj/m/n/12 - []$\T1/cmtt/m/n/12 https : / / klimagerechtesbauen . blogspot . com / 2013 / 09 / kaltes -[] klima -[] die -[] hauser -[] der -[] wikinger _
 []


Overfull \hbox (21.35225pt too wide) in paragraph at lines 504--522
\T1/pplj/m/n/12 - []$\T1/cmtt/m/n/12 https : / / www . norwik . de / die -[] haeuser -[] oder -[] haus -[] der -[] wikinger/$[] \T1/pplj/m/n/12 (letz-ter Auf-ruf: 15.05.2020). 
 []


Overfull \hbox (20.32129pt too wide) in paragraph at lines 504--522
\T1/pplj/m/n/12 - []$\T1/cmtt/m/n/12 https : / / www . tripadvisor . com / LocationPhotoDirectLink -[] g11816996 -[] d243443 -[] i336392790 -[]
 []


Overfull \hbox (7.63266pt too wide) in paragraph at lines 504--522
\T1/pplj/m/n/12 - []$\T1/cmtt/m/n/12 https : / / www . peraperis . com / blog / bekleidung / die -[] mode -[] der -[] wikinger . html$[] \T1/pplj/m/n/12 (letz-ter Auf-
 []


Overfull \hbox (1.81212pt too wide) in paragraph at lines 504--522
\T1/pplj/m/n/12 - []$\T1/cmtt/m/n/12 https : / / www . ribevikingecenter . dk / de / erlebnisse / der -[] gutshof,[] -[] anno -[] 980 . aspx$[] \T1/pplj/m/n/12 (letz-
 []


Overfull \hbox (14.49985pt too wide) in paragraph at lines 504--522
\T1/pplj/m/n/12 - []$\T1/cmtt/m/n/12 https : / / www . kinderzeitmaschine . de / mittelalter / fruehmittelalter / lucys -[] wissensbox /
 []


Underfull \hbox (badness 10000) in paragraph at lines 504--522

 []

[27]
Overfull \hbox (33.63766pt too wide) in paragraph at lines 523--526
\T1/pplj/m/n/12 - []$\T1/cmtt/m/n/12 https : / / commons . wikimedia . org / wiki / File : Z % C3 % BCge ,[] _Landnahmen _ und _ Siedlungsgebiete _
 []


Underfull \hbox (badness 10000) in paragraph at lines 523--526

 []


Underfull \hbox (badness 10000) in paragraph at lines 527--530

 []


Underfull \hbox (badness 10000) in paragraph at lines 531--538

 []

[28]pdfTeX warning (ext4): destination with the same identifier (name{page.28}) has been already used, duplicate ignored
<to be read again> 
                   \relax 
l.540 \newpage
               [28]
<./img/schild.jpeg, id=387, 185.0112pt x 185.0112pt>
File: ./img/schild.jpeg Graphic file (type jpg)
<use ./img/schild.jpeg>
Package pdftex.def Info: ./img/schild.jpeg  used on input line 550.
(pdftex.def)             Requested size: 120.00177pt x 120.0pt.
<./img/tunika.jpeg, id=388, 185.0112pt x 185.0112pt>
File: ./img/tunika.jpeg Graphic file (type jpg)
<use ./img/tunika.jpeg>
Package pdftex.def Info: ./img/tunika.jpeg  used on input line 550.
(pdftex.def)             Requested size: 120.00177pt x 120.0pt.
<./img/hemd.jpeg, id=389, 185.0112pt x 185.0112pt>
File: ./img/hemd.jpeg Graphic file (type jpg)
<use ./img/hemd.jpeg>
Package pdftex.def Info: ./img/hemd.jpeg  used on input line 550.
(pdftex.def)             Requested size: 120.00177pt x 120.0pt.
<./img/speer.jpeg, id=390, 185.0112pt x 185.0112pt>
File: ./img/speer.jpeg Graphic file (type jpg)
<use ./img/speer.jpeg>
Package pdftex.def Info: ./img/speer.jpeg  used on input line 551.
(pdftex.def)             Requested size: 120.00177pt x 120.0pt.
<./img/helm.jpeg, id=391, 185.0112pt x 185.0112pt>
File: ./img/helm.jpeg Graphic file (type jpg)
<use ./img/helm.jpeg>
Package pdftex.def Info: ./img/helm.jpeg  used on input line 551.
(pdftex.def)             Requested size: 120.00177pt x 120.0pt.

Underfull \hbox (badness 10000) in paragraph at lines 549--552

 []


Underfull \hbox (badness 10000) in paragraph at lines 549--552

 []


Underfull \vbox (badness 10000) has occurred while \output is active []

 [29 <./img/schild.jpeg> <./img/tunika.jpeg> <./img/hemd.jpeg> <./img/speer.jpeg> <./img/helm.jpeg>]pdfTeX warning (ext4): destination with the same identifier (name{page.29}) has been already used, duplicate ignored
<to be read again> 
                   \relax 
l.554 
       [29]
<./img/bogen.jpeg, id=399, 331.9602pt x 331.9602pt>
File: ./img/bogen.jpeg Graphic file (type jpg)
<use ./img/bogen.jpeg>
Package pdftex.def Info: ./img/bogen.jpeg  used on input line 556.
(pdftex.def)             Requested size: 120.00197pt x 120.0pt.
<./img/breitaxt.jpeg, id=400, 331.9602pt x 331.9602pt>
File: ./img/breitaxt.jpeg Graphic file (type jpg)
<use ./img/breitaxt.jpeg>
Package pdftex.def Info: ./img/breitaxt.jpeg  used on input line 556.
(pdftex.def)             Requested size: 120.00197pt x 120.0pt.
<./img/handaxt.jpeg, id=401, 185.0112pt x 185.0112pt>
File: ./img/handaxt.jpeg Graphic file (type jpg)
<use ./img/handaxt.jpeg>
Package pdftex.def Info: ./img/handaxt.jpeg  used on input line 556.
(pdftex.def)             Requested size: 120.00177pt x 120.0pt.
<./img/langsax.jpeg, id=402, 331.9602pt x 331.9602pt>
File: ./img/langsax.jpeg Graphic file (type jpg)
<use ./img/langsax.jpeg>
Package pdftex.def Info: ./img/langsax.jpeg  used on input line 557.
(pdftex.def)             Requested size: 120.00197pt x 120.0pt.
<./img/speer2.jpeg, id=403, 185.0112pt x 185.0112pt>
File: ./img/speer2.jpeg Graphic file (type jpg)
<use ./img/speer2.jpeg>
Package pdftex.def Info: ./img/speer2.jpeg  used on input line 557.
(pdftex.def)             Requested size: 120.00177pt x 120.0pt.
<./img/streitaxt.jpeg, id=404, 331.9602pt x 331.9602pt>
File: ./img/streitaxt.jpeg Graphic file (type jpg)
<use ./img/streitaxt.jpeg>
Package pdftex.def Info: ./img/streitaxt.jpeg  used on input line 557.
(pdftex.def)             Requested size: 120.00197pt x 120.0pt.
<./img/wurfaxt.jpeg, id=405, 185.0112pt x 185.0112pt>
File: ./img/wurfaxt.jpeg Graphic file (type jpg)
<use ./img/wurfaxt.jpeg>
Package pdftex.def Info: ./img/wurfaxt.jpeg  used on input line 558.
(pdftex.def)             Requested size: 120.00177pt x 120.0pt.
<./img/suontaka.jpeg, id=406, 185.0112pt x 185.0112pt>
File: ./img/suontaka.jpeg Graphic file (type jpg)
<use ./img/suontaka.jpeg>
Package pdftex.def Info: ./img/suontaka.jpeg  used on input line 558.
(pdftex.def)             Requested size: 120.00177pt x 120.0pt.

Underfull \hbox (badness 10000) in paragraph at lines 555--559

 []


Underfull \hbox (badness 10000) in paragraph at lines 555--559

 []


Underfull \hbox (badness 10000) in paragraph at lines 555--559

 []

[30 <./img/bogen.jpeg> <./img/breitaxt.jpeg> <./img/handaxt.jpeg> <./img/langsax.jpeg> <./img/speer2.jpeg> <./img/streitaxt.jpeg> <./img/wurfaxt.jpeg> <./img/suontaka.jpeg>] [31]
<wikinger-workbook-back.pdf, id=415, 597.432pt x 845.07718pt>
File: wikinger-workbook-back.pdf Graphic file (type pdf)
<use wikinger-workbook-back.pdf>
Package pdftex.def Info: wikinger-workbook-back.pdf  used on input line 565.
(pdftex.def)             Requested size: 597.43054pt x 845.07512pt.
File: wikinger-workbook-back.pdf Graphic file (type pdf)
<use wikinger-workbook-back.pdf>
Package pdftex.def Info: wikinger-workbook-back.pdf  used on input line 565.
(pdftex.def)             Requested size: 597.43054pt x 845.07512pt.
<wikinger-workbook-back.pdf, id=418, page=1, 597.432pt x 845.07718pt>
File: wikinger-workbook-back.pdf Graphic file (type pdf)
<use wikinger-workbook-back.pdf, page 1>
Package pdftex.def Info: wikinger-workbook-back.pdf , page1 used on input line 565.
(pdftex.def)             Requested size: 597.43054pt x 845.07512pt.
File: wikinger-workbook-back.pdf Graphic file (type pdf)
<use wikinger-workbook-back.pdf, page 1>
Package pdftex.def Info: wikinger-workbook-back.pdf , page1 used on input line 565.
(pdftex.def)             Requested size: 597.45789pt x 845.1138pt.
File: wikinger-workbook-back.pdf Graphic file (type pdf)
<use wikinger-workbook-back.pdf, page 1>
Package pdftex.def Info: wikinger-workbook-back.pdf , page1 used on input line 565.
(pdftex.def)             Requested size: 597.45789pt x 845.1138pt.
File: wikinger-workbook-back.pdf Graphic file (type pdf)
<use wikinger-workbook-back.pdf, page 1>
Package pdftex.def Info: wikinger-workbook-back.pdf , page1 used on input line 565.
(pdftex.def)             Requested size: 597.45789pt x 845.1138pt.
File: wikinger-workbook-back.pdf Graphic file (type pdf)
<use wikinger-workbook-back.pdf, page 1>
Package pdftex.def Info: wikinger-workbook-back.pdf , page1 used on input line 565.
(pdftex.def)             Requested size: 597.45789pt x 845.1138pt.
 [32 <./wikinger-workbook-back.pdf>]
Package atveryend Info: Empty hook `BeforeClearDocument' on input line 568.
Package atveryend Info: Empty hook `AfterLastShipout' on input line 568.
 (./main.aux)
Package atveryend Info: Executing hook `AtVeryEndDocument' on input line 568.
Package atveryend Info: Executing hook `AtEndAfterFileList' on input line 568.
Package rerunfilecheck Info: File `main.out' has not changed.
(rerunfilecheck)             Checksum: 124D255BF93EE16526ED67392814EA3B;1304.
 ) 
Here is how much of TeX's memory you used:
 21053 strings out of 480478
 377099 string characters out of 5905959
 684817 words of memory out of 5000000
 36483 multiletter control sequences out of 15000+600000
 580811 words of font info for 98 fonts, out of 8000000 for 9000
 1143 hyphenation exceptions out of 8191
 59i,18n,75p,1227b,518s stack positions out of 5000i,500n,10000p,200000b,80000s
{/usr/share/texmf-dist/fonts/enc/dvips/cm-super/cm-super-t1.enc}{/usr/share/texmf-dist/fonts/enc/dvips/base/8r.enc}</usr/share/texmf-dist/fonts/type1/public/initials/GotIn.pfb></usr/share/texmf-dist/fonts/type1/public/fpl/fplbj8a.pfb></usr/share/texmf-dist/fonts/type1/public/fpl/fplrc8a.pfb></usr/share/texmf-dist/fonts/type1/public/cm-super/sftt1200.pfb></usr/share/texmf-dist/fonts/type1/urw/palatino/uplb8a.pfb></usr/share/texmf-dist/fonts/type1/urw/palatino/uplbi8a.pfb></usr/share/texmf-dist/fonts/type1/urw/palatino/uplr8a.pfb></usr/share/texmf-dist/fonts/type1/urw/palatino/uplri8a.pfb>
Output written on main.pdf (36 pages, 24835955 bytes).
PDF statistics:
 491 PDF objects out of 1000 (max. 8388607)
 380 compressed objects within 4 object streams
 74 named destinations out of 1000 (max. 500000)
 11585 words of extra memory for PDF output out of 12000 (max. 10000000)

