\BOOKMARK [0][-]{chapter.1}{Einleitung}{}% 1
\BOOKMARK [1][-]{section.1.1}{Wer waren die Wikinger?}{chapter.1}% 2
\BOOKMARK [1][-]{section.1.2}{Zeitlicher \334berblick}{chapter.1}% 3
\BOOKMARK [0][-]{chapter.2}{Der typische Wikinger}{}% 4
\BOOKMARK [1][-]{section.2.1}{Alltagskleidung}{chapter.2}% 5
\BOOKMARK [1][-]{section.2.2}{Kriegerkleidung}{chapter.2}% 6
\BOOKMARK [1][-]{section.2.3}{Waffen}{chapter.2}% 7
\BOOKMARK [1][-]{section.2.4}{Leben im Dorf}{chapter.2}% 8
\BOOKMARK [2][-]{subsection.2.4.1}{Wohnsituation und Nahrung}{section.2.4}% 9
\BOOKMARK [2][-]{subsection.2.4.2}{Alltagsablauf}{section.2.4}% 10
\BOOKMARK [0][-]{chapter.3}{Wikinger um die Welt}{}% 11
\BOOKMARK [1][-]{section.3.1}{Geografischer \334berblick}{chapter.3}% 12
\BOOKMARK [1][-]{section.3.2}{Die Wikinger in England}{chapter.3}% 13
\BOOKMARK [0][-]{chapter.4}{Die Wikingergesellschaft}{}% 14
\BOOKMARK [1][-]{section.4.1}{St\344ndeordnung}{chapter.4}% 15
\BOOKMARK [1][-]{section.4.2}{Gemeinschaft und Gesellschaftsbild}{chapter.4}% 16
\BOOKMARK [1][-]{section.4.3}{Die Rolle der Frau}{chapter.4}% 17
\BOOKMARK [0][-]{chapter.5}{Schluss}{}% 18
\BOOKMARK [1][-]{section.5.1}{Zusammenfassung}{chapter.5}% 19
\BOOKMARK [1][-]{section.5.2}{Quellenangaben}{chapter.5}% 20
\BOOKMARK [1][-]{section.5.3}{Anhang}{chapter.5}% 21
